"D:\CLion 2019.2.1\bin\cmake\win\bin\cmake.exe" -DCMAKE_BUILD_TYPE=Debug -G "CodeBlocks - MinGW Makefiles" C:\Users\Владимир\CLionProjects\untitled
-- The C compiler identification is GNU 7.3.0
-- The CXX compiler identification is GNU 7.3.0
-- Check for working C compiler: D:/Qt/Tools/mingw730_64/bin/gcc.exe
-- Check for working C compiler: D:/Qt/Tools/mingw730_64/bin/gcc.exe -- broken
CMake Error at D:/CLion 2019.2.1/bin/cmake/win/share/cmake-3.14/Modules/CMakeTestCCompiler.cmake:60 (message):
  The C compiler

    "D:/Qt/Tools/mingw730_64/bin/gcc.exe"

  is not able to compile a simple test program.

  It fails with the following output:

    Change Dir: C:/Users/Р’Р»Р°РґРёРјРёСЂ/CLionProjects/untitled/cmake-build-debug/CMakeFiles/CMakeTmp
    
    Run Build Command(s):D:/Qt/Tools/mingw730_64/bin/mingw32-make.exe cmTC_2a469/fast 
    D:/Qt/Tools/mingw730_64/bin/mingw32-make.exe -f CMakeFiles\cmTC_2a469.dir\build.make CMakeFiles/cmTC_2a469.dir/build
    mingw32-make.exe[1]: Entering directory 'C:/Users/в”¬С‹СЂС„С€СЊС€РЃ/CLionProjects/untitled/cmake-build-debug/CMakeFiles/CMakeTmp'
    Building C object CMakeFiles/cmTC_2a469.dir/testCCompiler.c.obj
    D:\Qt\Tools\mingw730_64\bin\gcc.exe    -o CMakeFiles\cmTC_2a469.dir\testCCompiler.c.obj   -c C:\Users\в•ЁРўв•Ёв•—в•Ёв–‘в•Ёв”¤в•Ёв••в•Ёв•ќв•Ёв••в•¤Рђ\CLionProjects\untitled\cmake-build-debug\CMakeFiles\CMakeTmp\testCCompiler.c
    gcc.exe: error: C:\Users\в•ЁРўв•Ёв•—в•Ёв–‘в•Ёв”¤в•Ёв••в•Ёв•ќв•Ёв••в•¤Рђ\CLionProjects\untitled\cmake-build-debug\CMakeFiles\CMakeTmp\testCCompiler.c: No such file or directory
    gcc.exe: fatal error: no input files
    compilation terminated.
    mingw32-make.exe[1]: *** [CMakeFiles\cmTC_2a469.dir\build.make:65: CMakeFiles/cmTC_2a469.dir/testCCompiler.c.obj] Error 1
    mingw32-make.exe[1]: Leaving directory 'C:/Users/в”¬С‹СЂС„С€СЊС€РЃ/CLionProjects/untitled/cmake-build-debug/CMakeFiles/CMakeTmp'
    mingw32-make.exe: *** [Makefile:120: cmTC_2a469/fast] Error 2
    

  

  CMake will not be able to correctly generate this project.
Call Stack (most recent call first):
  CMakeLists.txt:2 (project)


-- Configuring incomplete, errors occurred!
See also "C:/Users/Р’Р»Р°РґРёРјРёСЂ/CLionProjects/untitled/cmake-build-debug/CMakeFiles/CMakeOutput.log".
See also "C:/Users/Р’Р»Р°РґРёРјРёСЂ/CLionProjects/untitled/cmake-build-debug/CMakeFiles/CMakeError.log".
